# JRE version: Java(TM) SE Runtime Environment (21.0.4+8) (build 21.0.4+8-LTS-274)
# Java VM: Java HotSpot(TM) 64-Bit Server VM (21.0.4+8-LTS-274, mixed mode, sharing, tiered, compressed oops, compressed class ptrs, g1 gc, windows-amd64)
GC Precious Log:
 CardTable entry size: 512
 Card Set container configuration: InlinePtr #cards 4 size 8 Array Of Cards #cards 16 size 48 Howl #buckets 8 coarsen threshold 3686 Howl Bitmap #cards 512 size 80 coarsen threshold 460 Card regions per heap region 1 cards per card region 4096
 CPUs: 12 total, 12 available
 Memory: 16099M
 Large Page Support: Disabled
 NUMA Support: Disabled
 Compressed Oops: Enabled (Zero based)
 Heap Region Size: 2M
 Heap Min Capacity: 8M
 Heap Initial Capacity: 252M
 Heap Max Capacity: 4026M
 Pre-touch: Disabled
 Parallel Workers: 10
 Concurrent Workers: 3
 Concurrent Refinement Workers: 10
 Periodic GC: Disabled
Heap:
 garbage-first heap   total 49152K, used 30224K [0x0000000704600000, 0x0000000800000000)
  region size 2048K, 10 young (20480K), 0 survivors (0K)
 Metaspace       used 34373K, committed 35008K, reserved 1114112K
  class space    used 4110K, committed 4352K, reserved 1048576K
GC Heap History (20 events):
Event: 796.372 GC heap before
{Heap before GC invocations=16 (full 6):
 garbage-first heap   total 49152K, used 36313K [0x0000000704600000, 0x0000000800000000)
  region size 2048K, 12 young (24576K), 0 survivors (0K)
 Metaspace       used 33944K, committed 34560K, reserved 1114112K
  class space    used 4090K, committed 4352K, reserved 1048576K
}
Event: 796.374 GC heap after
{Heap after GC invocations=17 (full 6):
 garbage-first heap   total 49152K, used 16462K [0x0000000704600000, 0x0000000800000000)
  region size 2048K, 2 young (4096K), 2 survivors (4096K)
 Metaspace       used 33944K, committed 34560K, reserved 1114112K
  class space    used 4090K, committed 4352K, reserved 1048576K
}
Event: 809.904 GC heap before
{Heap before GC invocations=17 (full 6):
 garbage-first heap   total 49152K, used 16462K [0x0000000704600000, 0x0000000800000000)
  region size 2048K, 3 young (6144K), 2 survivors (4096K)
 Metaspace       used 33951K, committed 34560K, reserved 1114112K
  class space    used 4091K, committed 4352K, reserved 1048576K
}
Event: 809.924 GC heap after
{Heap after GC invocations=18 (full 7):
 garbage-first heap   total 49152K, used 13664K [0x0000000704600000, 0x0000000800000000)
  region size 2048K, 0 young (0K), 0 survivors (0K)
 Metaspace       used 33948K, committed 34560K, reserved 1114112K
  class space    used 4090K, committed 4352K, reserved 1048576K
}
Event: 810.067 GC heap before
{Heap before GC invocations=18 (full 7):
 garbage-first heap   total 49152K, used 36192K [0x0000000704600000, 0x0000000800000000)
  region size 2048K, 12 young (24576K), 0 survivors (0K)
 Metaspace       used 34040K, committed 34624K, reserved 1114112K
  class space    used 4095K, committed 4352K, reserved 1048576K
}
Event: 810.068 GC heap after
{Heap after GC invocations=19 (full 7):
 garbage-first heap   total 49152K, used 16338K [0x0000000704600000, 0x0000000800000000)
  region size 2048K, 2 young (4096K), 2 survivors (4096K)
 Metaspace       used 34040K, committed 34624K, reserved 1114112K
  class space    used 4095K, committed 4352K, reserved 1048576K
}
Event: 828.654 GC heap before
{Heap before GC invocations=19 (full 7):
 garbage-first heap   total 49152K, used 18386K [0x0000000704600000, 0x0000000800000000)
  region size 2048K, 4 young (8192K), 2 survivors (4096K)
 Metaspace       used 34051K, committed 34624K, reserved 1114112K
  class space    used 4095K, committed 4352K, reserved 1048576K
}
Event: 828.676 GC heap after
{Heap after GC invocations=20 (full 8):
 garbage-first heap   total 49152K, used 13707K [0x0000000704600000, 0x0000000800000000)
  region size 2048K, 0 young (0K), 0 survivors (0K)
 Metaspace       used 34048K, committed 34624K, reserved 1114112K
  class space    used 4095K, committed 4352K, reserved 1048576K
}
Event: 828.811 GC heap before
{Heap before GC invocations=20 (full 8):
 garbage-first heap   total 49152K, used 36235K [0x0000000704600000, 0x0000000800000000)
  region size 2048K, 12 young (24576K), 0 survivors (0K)
 Metaspace       used 34126K, committed 34752K, reserved 1114112K
  class space    used 4099K, committed 4352K, reserved 1048576K
}
Event: 828.813 GC heap after
{Heap after GC invocations=21 (full 8):
 garbage-first heap   total 49152K, used 16333K [0x0000000704600000, 0x0000000800000000)
  region size 2048K, 2 young (4096K), 2 survivors (4096K)
 Metaspace       used 34126K, committed 34752K, reserved 1114112K
  class space    used 4099K, committed 4352K, reserved 1048576K
}
Event: 873.815 GC heap before
{Heap before GC invocations=21 (full 8):
 garbage-first heap   total 49152K, used 18381K [0x0000000704600000, 0x0000000800000000)
  region size 2048K, 4 young (8192K), 2 survivors (4096K)
 Metaspace       used 34133K, committed 34752K, reserved 1114112K
  class space    used 4099K, committed 4352K, reserved 1048576K
}
Event: 873.839 GC heap after
{Heap after GC invocations=22 (full 9):
 garbage-first heap   total 49152K, used 13751K [0x0000000704600000, 0x0000000800000000)
  region size 2048K, 0 young (0K), 0 survivors (0K)
 Metaspace       used 34130K, committed 34752K, reserved 1114112K
  class space    used 4099K, committed 4352K, reserved 1048576K
}
Event: 873.966 GC heap before
{Heap before GC invocations=22 (full 9):
 garbage-first heap   total 49152K, used 36279K [0x0000000704600000, 0x0000000800000000)
  region size 2048K, 12 young (24576K), 0 survivors (0K)
 Metaspace       used 34214K, committed 34816K, reserved 1114112K
  class space    used 4102K, committed 4352K, reserved 1048576K
}
Event: 873.968 GC heap after
{Heap after GC invocations=23 (full 9):
 garbage-first heap   total 49152K, used 16376K [0x0000000704600000, 0x0000000800000000)
  region size 2048K, 2 young (4096K), 2 survivors (4096K)
 Metaspace       used 34214K, committed 34816K, reserved 1114112K
  class space    used 4102K, committed 4352K, reserved 1048576K
}
Event: 988.832 GC heap before
{Heap before GC invocations=23 (full 9):
 garbage-first heap   total 49152K, used 18424K [0x0000000704600000, 0x0000000800000000)
  region size 2048K, 4 young (8192K), 2 survivors (4096K)
 Metaspace       used 34224K, committed 34816K, reserved 1114112K
  class space    used 4103K, committed 4352K, reserved 1048576K
}
Event: 988.855 GC heap after
{Heap after GC invocations=24 (full 10):
 garbage-first heap   total 49152K, used 13794K [0x0000000704600000, 0x0000000800000000)
  region size 2048K, 0 young (0K), 0 survivors (0K)
 Metaspace       used 34221K, committed 34816K, reserved 1114112K
  class space    used 4102K, committed 4352K, reserved 1048576K
}
Event: 988.975 GC heap before
{Heap before GC invocations=24 (full 10):
 garbage-first heap   total 49152K, used 36322K [0x0000000704600000, 0x0000000800000000)
  region size 2048K, 12 young (24576K), 0 survivors (0K)
 Metaspace       used 34287K, committed 34944K, reserved 1114112K
  class space    used 4107K, committed 4352K, reserved 1048576K
}
Event: 988.977 GC heap after
{Heap after GC invocations=25 (full 10):
 garbage-first heap   total 49152K, used 16419K [0x0000000704600000, 0x0000000800000000)
  region size 2048K, 2 young (4096K), 2 survivors (4096K)
 Metaspace       used 34287K, committed 34944K, reserved 1114112K
  class space    used 4107K, committed 4352K, reserved 1048576K
}
Event: 1105.957 GC heap before
{Heap before GC invocations=25 (full 10):
 garbage-first heap   total 49152K, used 20515K [0x0000000704600000, 0x0000000800000000)
  region size 2048K, 5 young (10240K), 2 survivors (4096K)
 Metaspace       used 34302K, committed 34944K, reserved 1114112K
  class space    used 4107K, committed 4352K, reserved 1048576K
}
Event: 1105.979 GC heap after
{Heap after GC invocations=26 (full 11):
 garbage-first heap   total 49152K, used 13840K [0x0000000704600000, 0x0000000800000000)
  region size 2048K, 0 young (0K), 0 survivors (0K)
 Metaspace       used 34299K, committed 34944K, reserved 1114112K
  class space    used 4107K, committed 4352K, reserved 1048576K
}

